2023-09-06 18:14:39 | INFO | fairseq.tasks.text_to_speech | Please install tensorboardX: pip install tensorboardX
2023-09-06 18:14:43 | INFO | fairseq.tasks.text_to_speech | Please install tensorboardX: pip install tensorboardX
2023-09-06 18:14:43 | INFO | fairseq.tasks.text_to_speech | Please install tensorboardX: pip install tensorboardX
2023-09-06 18:14:43 | INFO | fairseq.tasks.text_to_speech | Please install tensorboardX: pip install tensorboardX
2023-09-06 18:14:43 | INFO | fairseq.tasks.text_to_speech | Please install tensorboardX: pip install tensorboardX
2023-09-06 18:14:43 | INFO | fairseq.distributed.utils | distributed init (rank 1): tcp://localhost:16870
2023-09-06 18:14:43 | INFO | fairseq.distributed.utils | distributed init (rank 3): tcp://localhost:16870
2023-09-06 18:14:43 | INFO | fairseq.distributed.utils | distributed init (rank 2): tcp://localhost:16870
2023-09-06 18:14:43 | INFO | fairseq.distributed.utils | distributed init (rank 0): tcp://localhost:16870
2023-09-06 18:14:43 | INFO | torch.distributed.distributed_c10d | Added key: store_based_barrier_key:1 to store for rank: 2
2023-09-06 18:14:44 | INFO | torch.distributed.distributed_c10d | Added key: store_based_barrier_key:1 to store for rank: 1
2023-09-06 18:14:44 | INFO | torch.distributed.distributed_c10d | Added key: store_based_barrier_key:1 to store for rank: 3
2023-09-06 18:14:44 | INFO | torch.distributed.distributed_c10d | Added key: store_based_barrier_key:1 to store for rank: 0
2023-09-06 18:14:44 | INFO | torch.distributed.distributed_c10d | Rank 0: Completed store-based barrier for key:store_based_barrier_key:1 with 4 nodes.
2023-09-06 18:14:44 | INFO | fairseq.distributed.utils | initialized host jones-4 as rank 0
2023-09-06 18:14:44 | INFO | torch.distributed.distributed_c10d | Rank 3: Completed store-based barrier for key:store_based_barrier_key:1 with 4 nodes.
2023-09-06 18:14:44 | INFO | fairseq.distributed.utils | initialized host jones-4 as rank 3
2023-09-06 18:14:44 | INFO | torch.distributed.distributed_c10d | Rank 2: Completed store-based barrier for key:store_based_barrier_key:1 with 4 nodes.
2023-09-06 18:14:44 | INFO | fairseq.distributed.utils | initialized host jones-4 as rank 2
2023-09-06 18:14:44 | INFO | torch.distributed.distributed_c10d | Rank 1: Completed store-based barrier for key:store_based_barrier_key:1 with 4 nodes.
2023-09-06 18:14:44 | INFO | fairseq.distributed.utils | initialized host jones-4 as rank 1
2023-09-06 18:14:46 | INFO | fairseq_cli.train | {'_name': None, 'common': {'_name': None, 'no_progress_bar': False, 'log_interval': 10, 'log_format': 'json', 'log_file': None, 'aim_repo': None, 'aim_run_hash': None, 'tensorboard_logdir': None, 'wandb_project': 'Coptic2EN 6-6 Layers Translation Word Translation', 'azureml_logging': False, 'seed': 1, 'cpu': False, 'tpu': False, 'bf16': False, 'memory_efficient_bf16': False, 'fp16': False, 'memory_efficient_fp16': False, 'fp16_no_flatten_grads': False, 'fp16_init_scale': 128, 'fp16_scale_window': None, 'fp16_scale_tolerance': 0.0, 'on_cpu_convert_precision': False, 'min_loss_scale': 0.0001, 'threshold_loss_scale': None, 'amp': False, 'amp_batch_retries': 2, 'amp_init_scale': 128, 'amp_scale_window': None, 'user_dir': None, 'empty_cache_freq': 0, 'all_gather_list_size': 16384, 'model_parallel_size': 1, 'quantization_config_path': None, 'profile': False, 'reset_logging': False, 'suppress_crashes': False, 'use_plasma_view': False, 'plasma_path': '/tmp/plasma'}, 'common_eval': {'_name': None, 'path': None, 'post_process': None, 'quiet': False, 'model_overrides': '{}', 'results_path': None}, 'distributed_training': {'_name': None, 'distributed_world_size': 4, 'distributed_num_procs': 4, 'distributed_rank': 0, 'distributed_backend': 'nccl', 'distributed_init_method': 'tcp://localhost:16870', 'distributed_port': -1, 'device_id': 0, 'distributed_no_spawn': False, 'ddp_backend': 'no_c10d', 'ddp_comm_hook': 'none', 'bucket_cap_mb': 25, 'fix_batches_to_gpus': False, 'find_unused_parameters': True, 'gradient_as_bucket_view': False, 'fast_stat_sync': False, 'heartbeat_timeout': -1, 'broadcast_buffers': False, 'slowmo_momentum': None, 'slowmo_base_algorithm': 'localsgd', 'localsgd_frequency': 3, 'nprocs_per_node': 4, 'pipeline_model_parallel': False, 'pipeline_balance': None, 'pipeline_devices': None, 'pipeline_chunks': 0, 'pipeline_encoder_balance': None, 'pipeline_encoder_devices': None, 'pipeline_decoder_balance': None, 'pipeline_decoder_devices': None, 'pipeline_checkpoint': 'never', 'zero_sharding': 'none', 'fp16': False, 'memory_efficient_fp16': False, 'tpu': False, 'no_reshard_after_forward': False, 'fp32_reduce_scatter': False, 'cpu_offload': False, 'use_sharded_state': False, 'not_fsdp_flatten_parameters': False}, 'dataset': {'_name': None, 'num_workers': 1, 'skip_invalid_size_inputs_valid_test': False, 'max_tokens': None, 'batch_size': 64, 'required_batch_size_multiple': 8, 'required_seq_len_multiple': 1, 'dataset_impl': None, 'data_buffer_size': 10, 'train_subset': 'train', 'valid_subset': 'valid', 'combine_valid_subsets': None, 'ignore_unused_valid_subsets': False, 'validate_interval': 1, 'validate_interval_updates': 0, 'validate_after_updates': 0, 'fixed_validation_seed': None, 'disable_validation': False, 'max_tokens_valid': None, 'batch_size_valid': 64, 'max_valid_steps': None, 'curriculum': 0, 'gen_subset': 'test', 'num_shards': 1, 'shard_id': 0, 'grouped_shuffling': False, 'update_epoch_batch_itr': False, 'update_ordered_indices_seed': False}, 'optimization': {'_name': None, 'max_epoch': 200, 'max_update': 0, 'stop_time_hours': 0.0, 'clip_norm': 0.0, 'sentence_avg': False, 'update_freq': [1], 'lr': [0.0005], 'stop_min_lr': -1.0, 'use_bmuf': False, 'skip_remainder_batch': False}, 'checkpoint': {'_name': None, 'save_dir': '/local/musaeed/coptic-translator/checkpointWordBased/Coptic2EnglishWordBasedSeq2SeqTransformer', 'restore_file': 'checkpoint_last.pt', 'continue_once': None, 'finetune_from_model': None, 'reset_dataloader': False, 'reset_lr_scheduler': False, 'reset_meters': False, 'reset_optimizer': False, 'optimizer_overrides': '{}', 'save_interval': 1, 'save_interval_updates': 0, 'keep_interval_updates': -1, 'keep_interval_updates_pattern': -1, 'keep_last_epochs': -1, 'keep_best_checkpoints': -1, 'no_save': False, 'no_epoch_checkpoints': True, 'no_last_checkpoints': False, 'no_save_optimizer_state': False, 'best_checkpoint_metric': 'loss', 'maximize_best_checkpoint_metric': False, 'patience': -1, 'checkpoint_suffix': '', 'checkpoint_shard_count': 1, 'load_checkpoint_on_all_dp_ranks': False, 'write_checkpoints_asynchronously': False, 'model_parallel_size': 1}, 'bmuf': {'_name': None, 'block_lr': 1.0, 'block_momentum': 0.875, 'global_sync_iter': 50, 'warmup_iterations': 500, 'use_nbm': False, 'average_sync': False, 'distributed_world_size': 4}, 'generation': {'_name': None, 'beam': 5, 'nbest': 1, 'max_len_a': 0.0, 'max_len_b': 200, 'min_len': 1, 'match_source_len': False, 'unnormalized': False, 'no_early_stop': False, 'no_beamable_mm': False, 'lenpen': 1.0, 'unkpen': 0.0, 'replace_unk': None, 'sacrebleu': False, 'score_reference': False, 'prefix_size': 0, 'no_repeat_ngram_size': 0, 'sampling': False, 'sampling_topk': -1, 'sampling_topp': -1.0, 'constraints': None, 'temperature': 1.0, 'diverse_beam_groups': -1, 'diverse_beam_strength': 0.5, 'diversity_rate': -1.0, 'print_alignment': None, 'print_step': False, 'lm_path': None, 'lm_weight': 0.0, 'iter_decode_eos_penalty': 0.0, 'iter_decode_max_iter': 10, 'iter_decode_force_max_iter': False, 'iter_decode_with_beam': 1, 'iter_decode_with_external_reranker': False, 'retain_iter_history': False, 'retain_dropout': False, 'retain_dropout_modules': None, 'decoding_format': None, 'no_seed_provided': False, 'eos_token': None}, 'eval_lm': {'_name': None, 'output_word_probs': False, 'output_word_stats': False, 'context_window': 0, 'softmax_batch': 9223372036854775807}, 'interactive': {'_name': None, 'buffer_size': 0, 'input': '-'}, 'model': Namespace(no_progress_bar=False, log_interval=10, log_format='json', log_file=None, aim_repo=None, aim_run_hash=None, tensorboard_logdir=None, wandb_project='Coptic2EN 6-6 Layers Translation Word Translation', azureml_logging=False, seed=1, cpu=False, tpu=False, bf16=False, memory_efficient_bf16=False, fp16=False, memory_efficient_fp16=False, fp16_no_flatten_grads=False, fp16_init_scale=128, fp16_scale_window=None, fp16_scale_tolerance=0.0, on_cpu_convert_precision=False, min_loss_scale=0.0001, threshold_loss_scale=None, amp=False, amp_batch_retries=2, amp_init_scale=128, amp_scale_window=None, user_dir=None, empty_cache_freq=0, all_gather_list_size=16384, model_parallel_size=1, quantization_config_path=None, profile=False, reset_logging=False, suppress_crashes=False, use_plasma_view=False, plasma_path='/tmp/plasma', criterion='label_smoothed_cross_entropy', tokenizer=None, bpe=None, optimizer='adam', lr_scheduler='inverse_sqrt', scoring='bleu', task='translation', num_workers=1, skip_invalid_size_inputs_valid_test=False, max_tokens=None, batch_size=64, required_batch_size_multiple=8, required_seq_len_multiple=1, dataset_impl=None, data_buffer_size=10, train_subset='train', valid_subset='valid', combine_valid_subsets=None, ignore_unused_valid_subsets=False, validate_interval=1, validate_interval_updates=0, validate_after_updates=0, fixed_validation_seed=None, disable_validation=False, max_tokens_valid=None, batch_size_valid=64, max_valid_steps=None, curriculum=0, gen_subset='test', num_shards=1, shard_id=0, grouped_shuffling=False, update_epoch_batch_itr=False, update_ordered_indices_seed=False, distributed_world_size=4, distributed_num_procs=4, distributed_rank=0, distributed_backend='nccl', distributed_init_method=None, distributed_port=-1, device_id=0, distributed_no_spawn=False, ddp_backend='no_c10d', ddp_comm_hook='none', bucket_cap_mb=25, fix_batches_to_gpus=False, find_unused_parameters=True, gradient_as_bucket_view=False, fast_stat_sync=False, heartbeat_timeout=-1, broadcast_buffers=False, slowmo_momentum=None, slowmo_base_algorithm='localsgd', localsgd_frequency=3, nprocs_per_node=4, pipeline_model_parallel=False, pipeline_balance=None, pipeline_devices=None, pipeline_chunks=0, pipeline_encoder_balance=None, pipeline_encoder_devices=None, pipeline_decoder_balance=None, pipeline_decoder_devices=None, pipeline_checkpoint='never', zero_sharding='none', no_reshard_after_forward=False, fp32_reduce_scatter=False, cpu_offload=False, use_sharded_state=False, not_fsdp_flatten_parameters=False, arch='transformer', max_epoch=200, max_update=0, stop_time_hours=0, clip_norm=0.0, sentence_avg=False, update_freq=[1], lr=[0.0005], stop_min_lr=-1.0, use_bmuf=False, skip_remainder_batch=False, save_dir='/local/musaeed/coptic-translator/checkpointWordBased/Coptic2EnglishWordBasedSeq2SeqTransformer', restore_file='checkpoint_last.pt', continue_once=None, finetune_from_model=None, reset_dataloader=False, reset_lr_scheduler=False, reset_meters=False, reset_optimizer=False, optimizer_overrides='{}', save_interval=1, save_interval_updates=0, keep_interval_updates=-1, keep_interval_updates_pattern=-1, keep_last_epochs=-1, keep_best_checkpoints=-1, no_save=False, no_epoch_checkpoints=True, no_last_checkpoints=False, no_save_optimizer_state=False, best_checkpoint_metric='loss', maximize_best_checkpoint_metric=False, patience=-1, checkpoint_suffix='', checkpoint_shard_count=1, load_checkpoint_on_all_dp_ranks=False, write_checkpoints_asynchronously=False, store_ema=False, ema_decay=0.9999, ema_start_update=0, ema_seed_model=None, ema_update_freq=1, ema_fp32=False, data='/local/musaeed/coptic-translator/fairseqwordBased/coptic_en.tokenized.coptic-en', source_lang='coptic', target_lang='en', load_alignments=False, left_pad_source=True, left_pad_target=False, upsample_primary=-1, truncate_source=False, num_batch_buckets=0, eval_bleu=False, eval_bleu_args='{}', eval_bleu_detok='space', eval_bleu_detok_args='{}', eval_tokenized_bleu=False, eval_bleu_remove_bpe=None, eval_bleu_print_samples=False, label_smoothing=0.1, report_accuracy=False, ignore_prefix_size=0, adam_betas=(0.9, 0.999), adam_eps=1e-08, weight_decay=0.0, use_old_adam=False, fp16_adam_stats=False, warmup_updates=4000, warmup_init_lr=-1, pad=1, eos=2, unk=3, dropout=0.3, attention_dropout=0.1, encoder_embed_dim=512, encoder_ffn_embed_dim=2048, encoder_layers=6, encoder_attention_heads=8, encoder_learned_pos=True, decoder_embed_dim=512, decoder_ffn_embed_dim=2048, decoder_layers=6, decoder_attention_heads=8, decoder_learned_pos=True, encoder_layerdrop=0.1, decoder_layerdrop=0.1, activation_dropout=0.3, no_seed_provided=False, encoder_embed_path=None, encoder_normalize_before=False, decoder_embed_path=None, decoder_normalize_before=False, activation_fn='relu', adaptive_softmax_cutoff=None, adaptive_softmax_dropout=0, share_decoder_input_output_embed=False, share_all_embeddings=False, no_token_positional_embeddings=False, adaptive_input=False, no_cross_attention=False, cross_self_attention=False, decoder_output_dim=512, decoder_input_dim=512, no_scale_embedding=False, layernorm_embedding=False, tie_adaptive_weights=False, checkpoint_activations=False, offload_activations=False, encoder_layers_to_keep=None, decoder_layers_to_keep=None, quant_noise_pq=0, quant_noise_pq_block_size=8, quant_noise_scalar=0, _name='transformer'), 'task': {'_name': 'translation', 'data': '/local/musaeed/coptic-translator/fairseqwordBased/coptic_en.tokenized.coptic-en', 'source_lang': 'coptic', 'target_lang': 'en', 'load_alignments': False, 'left_pad_source': True, 'left_pad_target': False, 'max_source_positions': 1024, 'max_target_positions': 1024, 'upsample_primary': -1, 'truncate_source': False, 'num_batch_buckets': 0, 'train_subset': 'train', 'dataset_impl': None, 'required_seq_len_multiple': 1, 'eval_bleu': False, 'eval_bleu_args': '{}', 'eval_bleu_detok': 'space', 'eval_bleu_detok_args': '{}', 'eval_tokenized_bleu': False, 'eval_bleu_remove_bpe': None, 'eval_bleu_print_samples': False}, 'criterion': {'_name': 'label_smoothed_cross_entropy', 'label_smoothing': 0.1, 'report_accuracy': False, 'ignore_prefix_size': 0, 'sentence_avg': False}, 'optimizer': {'_name': 'adam', 'adam_betas': [0.9, 0.999], 'adam_eps': 1e-08, 'weight_decay': 0.0, 'use_old_adam': False, 'fp16_adam_stats': False, 'tpu': False, 'lr': [0.0005]}, 'lr_scheduler': {'_name': 'inverse_sqrt', 'warmup_updates': 4000, 'warmup_init_lr': -1.0, 'lr': [0.0005]}, 'scoring': {'_name': 'bleu', 'pad': 1, 'eos': 2, 'unk': 3}, 'bpe': None, 'tokenizer': None, 'ema': {'_name': None, 'store_ema': False, 'ema_decay': 0.9999, 'ema_start_update': 0, 'ema_seed_model': None, 'ema_update_freq': 1, 'ema_fp32': False}}
2023-09-06 18:14:46 | INFO | fairseq.tasks.translation | [coptic] dictionary: 60920 types
2023-09-06 18:14:46 | INFO | fairseq.tasks.translation | [en] dictionary: 24928 types
2023-09-06 18:14:47 | INFO | fairseq_cli.train | TransformerModel(
  (encoder): TransformerEncoderBase(
    (dropout_module): FairseqDropout()
    (embed_tokens): Embedding(60920, 512, padding_idx=1)
    (embed_positions): LearnedPositionalEmbedding(1026, 512, padding_idx=1)
    (layers): LayerDropModuleList(
      (0-4): 5 x TransformerEncoderLayerBase(
        (self_attn): MultiheadAttention(
          (dropout_module): FairseqDropout()
          (k_proj): Linear(in_features=512, out_features=512, bias=True)
          (v_proj): Linear(in_features=512, out_features=512, bias=True)
          (q_proj): Linear(in_features=512, out_features=512, bias=True)
          (out_proj): Linear(in_features=512, out_features=512, bias=True)
        )
        (self_attn_layer_norm): LayerNorm((512,), eps=1e-05, elementwise_affine=True)
        (dropout_module): FairseqDropout()
        (activation_dropout_module): FairseqDropout()
        (fc1): Linear(in_features=512, out_features=2048, bias=True)
        (fc2): Linear(in_features=2048, out_features=512, bias=True)
        (final_layer_norm): LayerNorm((512,), eps=1e-05, elementwise_affine=True)
      )
    )
  )
  (decoder): TransformerDecoderBase(
    (dropout_module): FairseqDropout()
    (embed_tokens): Embedding(24928, 512, padding_idx=1)
    (embed_positions): LearnedPositionalEmbedding(1026, 512, padding_idx=1)
    (layers): LayerDropModuleList(
      (0-5): 6 x TransformerDecoderLayerBase(
        (dropout_module): FairseqDropout()
        (self_attn): MultiheadAttention(
          (dropout_module): FairseqDropout()
          (k_proj): Linear(in_features=512, out_features=512, bias=True)
          (v_proj): Linear(in_features=512, out_features=512, bias=True)
          (q_proj): Linear(in_features=512, out_features=512, bias=True)
          (out_proj): Linear(in_features=512, out_features=512, bias=True)
        )
        (activation_dropout_module): FairseqDropout()
        (self_attn_layer_norm): LayerNorm((512,), eps=1e-05, elementwise_affine=True)
        (encoder_attn): MultiheadAttention(
          (dropout_module): FairseqDropout()
          (k_proj): Linear(in_features=512, out_features=512, bias=True)
          (v_proj): Linear(in_features=512, out_features=512, bias=True)
          (q_proj): Linear(in_features=512, out_features=512, bias=True)
          (out_proj): Linear(in_features=512, out_features=512, bias=True)
        )
        (encoder_attn_layer_norm): LayerNorm((512,), eps=1e-05, elementwise_affine=True)
        (fc1): Linear(in_features=512, out_features=2048, bias=True)
        (fc2): Linear(in_features=2048, out_features=512, bias=True)
        (final_layer_norm): LayerNorm((512,), eps=1e-05, elementwise_affine=True)
      )
    )
    (output_projection): Linear(in_features=512, out_features=24928, bias=False)
  )
)
2023-09-06 18:14:47 | INFO | fairseq_cli.train | task: TranslationTask
2023-09-06 18:14:47 | INFO | fairseq_cli.train | model: TransformerModel
2023-09-06 18:14:47 | INFO | fairseq_cli.train | criterion: LabelSmoothedCrossEntropyCriterion
2023-09-06 18:14:47 | INFO | fairseq_cli.train | num. shared model params: 101,906,432 (num. trained: 101,906,432)
2023-09-06 18:14:47 | INFO | fairseq_cli.train | num. expert model params: 0 (num. trained: 0)
2023-09-06 18:14:47 | INFO | fairseq.data.data_utils | loaded 1,100 examples from: /local/musaeed/coptic-translator/fairseqwordBased/coptic_en.tokenized.coptic-en/valid.coptic-en.coptic
2023-09-06 18:14:47 | INFO | fairseq.data.data_utils | loaded 1,100 examples from: /local/musaeed/coptic-translator/fairseqwordBased/coptic_en.tokenized.coptic-en/valid.coptic-en.en
2023-09-06 18:14:47 | INFO | fairseq.tasks.translation | /local/musaeed/coptic-translator/fairseqwordBased/coptic_en.tokenized.coptic-en valid coptic-en 1100 examples
2023-09-06 18:14:47 | INFO | torch.distributed.distributed_c10d | Added key: store_based_barrier_key:2 to store for rank: 0
2023-09-06 18:14:47 | INFO | torch.distributed.distributed_c10d | Rank 0: Completed store-based barrier for key:store_based_barrier_key:2 with 4 nodes.
2023-09-06 18:14:47 | INFO | fairseq.utils | ***********************CUDA enviroments for all 4 workers***********************
2023-09-06 18:14:47 | INFO | fairseq.utils | rank   0: capabilities =  5.2  ; total memory = 11.927 GB ; name = NVIDIA GeForce GTX TITAN X              
2023-09-06 18:14:47 | INFO | fairseq.utils | rank   1: capabilities =  5.2  ; total memory = 11.927 GB ; name = NVIDIA GeForce GTX TITAN X              
2023-09-06 18:14:47 | INFO | fairseq.utils | rank   2: capabilities =  5.2  ; total memory = 11.927 GB ; name = NVIDIA GeForce GTX TITAN X              
2023-09-06 18:14:47 | INFO | fairseq.utils | rank   3: capabilities =  5.2  ; total memory = 11.927 GB ; name = NVIDIA GeForce GTX TITAN X              
2023-09-06 18:14:47 | INFO | fairseq.utils | ***********************CUDA enviroments for all 4 workers***********************
2023-09-06 18:14:47 | INFO | fairseq_cli.train | training on 4 devices (GPUs/TPUs)
2023-09-06 18:14:47 | INFO | fairseq_cli.train | max tokens per device = None and max sentences per device = 64
2023-09-06 18:14:47 | INFO | fairseq.trainer | Preparing to load checkpoint /local/musaeed/coptic-translator/checkpointWordBased/Coptic2EnglishWordBasedSeq2SeqTransformer/checkpoint_last.pt
2023-09-06 18:14:47 | INFO | fairseq.trainer | No existing checkpoint found /local/musaeed/coptic-translator/checkpointWordBased/Coptic2EnglishWordBasedSeq2SeqTransformer/checkpoint_last.pt
2023-09-06 18:14:47 | INFO | fairseq.trainer | loading train data for epoch 1
2023-09-06 18:14:47 | INFO | fairseq.data.data_utils | loaded 20,893 examples from: /local/musaeed/coptic-translator/fairseqwordBased/coptic_en.tokenized.coptic-en/train.coptic-en.coptic
2023-09-06 18:14:47 | INFO | fairseq.data.data_utils | loaded 20,893 examples from: /local/musaeed/coptic-translator/fairseqwordBased/coptic_en.tokenized.coptic-en/train.coptic-en.en
2023-09-06 18:14:47 | INFO | fairseq.tasks.translation | /local/musaeed/coptic-translator/fairseqwordBased/coptic_en.tokenized.coptic-en train coptic-en 20893 examples
2023-09-06 18:14:48 | INFO | fairseq.data.iterators | grouped total_num_itrs = 82
wandb: Currently logged in as: muhammed-saeed. Use `wandb login --relogin` to force relogin
2023-09-06 18:14:50 | INFO | fairseq.tasks.text_to_speech | Please install tensorboardX: pip install tensorboardX
2023-09-06 18:14:50 | INFO | fairseq.tasks.text_to_speech | Please install tensorboardX: pip install tensorboardX
2023-09-06 18:14:50 | INFO | fairseq.tasks.text_to_speech | Please install tensorboardX: pip install tensorboardX
/local/musaeed/anaconda3/envs/CT/lib/python3.9/site-packages/torch/nn/functional.py:4999: UserWarning: Support for mismatched key_padding_mask and attn_mask is deprecated. Use same type for both instead.
  warnings.warn(
/local/musaeed/anaconda3/envs/CT/lib/python3.9/site-packages/torch/nn/functional.py:4999: UserWarning: Support for mismatched key_padding_mask and attn_mask is deprecated. Use same type for both instead.
  warnings.warn(
/local/musaeed/anaconda3/envs/CT/lib/python3.9/site-packages/torch/nn/functional.py:4999: UserWarning: Support for mismatched key_padding_mask and attn_mask is deprecated. Use same type for both instead.
  warnings.warn(
wandb: wandb version 0.15.9 is available!  To upgrade, please run:
wandb:  $ pip install wandb --upgrade
wandb: Tracking run with wandb version 0.15.8
wandb: Run data is saved locally in /local/musaeed/coptic-translator/wandb/run-20230906_181449-kouvwisq
wandb: Run `wandb offline` to turn off syncing.
wandb: Syncing run Coptic2EnglishWordBasedSeq2SeqTransformer
wandb: ⭐️ View project at https://wandb.ai/muhammed-saeed/Coptic2EN%206-6%20Layers%20Translation%20Word%20Translation
wandb: 🚀 View run at https://wandb.ai/muhammed-saeed/Coptic2EN%206-6%20Layers%20Translation%20Word%20Translation/runs/kouvwisq
2023-09-06 18:14:53 | INFO | fairseq.trainer | begin training epoch 1
2023-09-06 18:14:53 | INFO | fairseq_cli.train | Start iterating over samples
2023-09-06 18:14:56 | INFO | fairseq.tasks.text_to_speech | Please install tensorboardX: pip install tensorboardX
/local/musaeed/anaconda3/envs/CT/lib/python3.9/site-packages/torch/nn/functional.py:4999: UserWarning: Support for mismatched key_padding_mask and attn_mask is deprecated. Use same type for both instead.
  warnings.warn(
/local/musaeed/fairseq/fairseq/utils.py:374: UserWarning: amp_C fused kernels unavailable, disabling multi_tensor_l2norm; you may get better performance by installing NVIDIA's apex library
  warnings.warn(
/local/musaeed/fairseq/fairseq/utils.py:374: UserWarning: amp_C fused kernels unavailable, disabling multi_tensor_l2norm; you may get better performance by installing NVIDIA's apex library
  warnings.warn(
/local/musaeed/fairseq/fairseq/utils.py:374: UserWarning: amp_C fused kernels unavailable, disabling multi_tensor_l2norm; you may get better performance by installing NVIDIA's apex library
  warnings.warn(
/local/musaeed/fairseq/fairseq/utils.py:374: UserWarning: amp_C fused kernels unavailable, disabling multi_tensor_l2norm; you may get better performance by installing NVIDIA's apex library
  warnings.warn(
2023-09-06 18:15:00 | INFO | train_inner | {"epoch": 1, "update": 0.122, "loss": "15.329", "nll_loss": "15.33", "ppl": "41176.6", "wps": "15827.2", "ups": "2.68", "wpb": "6029.5", "bsz": "256", "num_updates": "10", "lr": "1.25e-06", "gnorm": "5.206", "train_wall": "4", "gb_free": "9.8", "wall": "13"}
2023-09-06 18:15:04 | INFO | train_inner | {"epoch": 1, "update": 0.244, "loss": "15.163", "nll_loss": "15.145", "ppl": "36233.8", "wps": "17521.1", "ups": "2.7", "wpb": "6499", "bsz": "252", "num_updates": "20", "lr": "2.5e-06", "gnorm": "5.254", "train_wall": "4", "gb_free": "9.8", "wall": "17"}
2023-09-06 18:15:08 | INFO | train_inner | {"epoch": 1, "update": 0.366, "loss": "14.772", "nll_loss": "14.71", "ppl": "26804.1", "wps": "16432.3", "ups": "2.55", "wpb": "6432.4", "bsz": "256", "num_updates": "30", "lr": "3.75e-06", "gnorm": "4.842", "train_wall": "4", "gb_free": "9.7", "wall": "20"}
2023-09-06 18:15:12 | INFO | train_inner | {"epoch": 1, "update": 0.488, "loss": "14.346", "nll_loss": "14.236", "ppl": "19296.7", "wps": "15911.9", "ups": "2.67", "wpb": "5955.8", "bsz": "256", "num_updates": "40", "lr": "5e-06", "gnorm": "4.243", "train_wall": "4", "gb_free": "8.3", "wall": "24"}
2023-09-06 18:15:16 | INFO | train_inner | {"epoch": 1, "update": 0.61, "loss": "13.863", "nll_loss": "13.698", "ppl": "13290", "wps": "17083.3", "ups": "2.48", "wpb": "6901.8", "bsz": "256", "num_updates": "50", "lr": "6.25e-06", "gnorm": "3.672", "train_wall": "4", "gb_free": "7.8", "wall": "28"}
2023-09-06 18:15:19 | INFO | train_inner | {"epoch": 1, "update": 0.732, "loss": "13.44", "nll_loss": "13.223", "ppl": "9561.21", "wps": "18708.8", "ups": "2.85", "wpb": "6569.7", "bsz": "256", "num_updates": "60", "lr": "7.5e-06", "gnorm": "2.939", "train_wall": "3", "gb_free": "9.2", "wall": "32"}
2023-09-06 18:15:22 | INFO | train_inner | {"epoch": 1, "update": 0.854, "loss": "13.223", "nll_loss": "12.98", "ppl": "8076.7", "wps": "17474.3", "ups": "3.31", "wpb": "5280.3", "bsz": "250.1", "num_updates": "70", "lr": "8.75e-06", "gnorm": "2.543", "train_wall": "3", "gb_free": "9.5", "wall": "35"}
2023-09-06 18:15:26 | INFO | train_inner | {"epoch": 1, "update": 0.976, "loss": "12.855", "nll_loss": "12.566", "ppl": "6065.08", "wps": "16068", "ups": "2.51", "wpb": "6395.8", "bsz": "256", "num_updates": "80", "lr": "1e-05", "gnorm": "1.976", "train_wall": "4", "gb_free": "9.8", "wall": "39"}
2023-09-06 18:15:27 | INFO | fairseq_cli.train | begin validation on "valid" subset
2023-09-06 18:15:29 | INFO | fairseq.tasks.text_to_speech | Please install tensorboardX: pip install tensorboardX
2023-09-06 18:15:29 | INFO | fairseq.tasks.text_to_speech | Please install tensorboardX: pip install tensorboardX
2023-09-06 18:15:29 | INFO | fairseq.tasks.text_to_speech | Please install tensorboardX: pip install tensorboardX
2023-09-06 18:15:30 | INFO | fairseq.tasks.text_to_speech | Please install tensorboardX: pip install tensorboardX
2023-09-06 18:15:30 | INFO | valid | {"epoch": 1, "valid_loss": "12.555", "valid_nll_loss": "12.205", "valid_ppl": "4721.69", "valid_wps": "50118", "valid_wpb": "5445.8", "valid_bsz": "220", "valid_num_updates": "82"}
2023-09-06 18:15:30 | INFO | fairseq.checkpoint_utils | Preparing to save checkpoint for epoch 1 @ 82 updates
2023-09-06 18:15:30 | INFO | fairseq.trainer | Saving checkpoint to /local/musaeed/coptic-translator/checkpointWordBased/Coptic2EnglishWordBasedSeq2SeqTransformer/checkpoint_best.pt
2023-09-06 18:15:32 | INFO | fairseq.trainer | Finished saving checkpoint to /local/musaeed/coptic-translator/checkpointWordBased/Coptic2EnglishWordBasedSeq2SeqTransformer/checkpoint_best.pt
2023-09-06 18:15:33 | INFO | fairseq.tasks.text_to_speech | Please install tensorboardX: pip install tensorboardX
2023-09-06 18:15:33 | INFO | fairseq.tasks.text_to_speech | Please install tensorboardX: pip install tensorboardX
2023-09-06 18:15:33 | INFO | fairseq.tasks.text_to_speech | Please install tensorboardX: pip install tensorboardX
2023-09-06 18:15:33 | INFO | fairseq.checkpoint_utils | Saved checkpoint /local/musaeed/coptic-translator/checkpointWordBased/Coptic2EnglishWordBasedSeq2SeqTransformer/checkpoint_best.pt (epoch 1 @ 82 updates, score 12.555) (writing took 2.677885400131345 seconds)
2023-09-06 18:15:33 | INFO | fairseq_cli.train | end of epoch 1 (average epoch stats below)
2023-09-06 18:15:33 | INFO | train | {"epoch": 1, "train_loss": "14.098", "train_nll_loss": "13.957", "train_ppl": "15904.8", "train_wps": "14032.7", "train_ups": "2.25", "train_wpb": "6253.7", "train_bsz": "254.8", "train_num_updates": "82", "train_lr": "1.025e-05", "train_gnorm": "3.786", "train_train_wall": "31", "train_gb_free": "9.3", "train_wall": "45"}
2023-09-06 18:15:33 | INFO | fairseq.data.iterators | grouped total_num_itrs = 82
2023-09-06 18:15:33 | INFO | fairseq.trainer | begin training epoch 2
2023-09-06 18:15:33 | INFO | fairseq_cli.train | Start iterating over samples
2023-09-06 18:15:35 | INFO | fairseq.tasks.text_to_speech | Please install tensorboardX: pip install tensorboardX
2023-09-06 18:15:39 | INFO | train_inner | {"epoch": 2, "update": 1.098, "loss": "12.741", "nll_loss": "12.441", "ppl": "5561.66", "wps": "5291.8", "ups": "0.79", "wpb": "6715.3", "bsz": "256", "num_updates": "90", "lr": "1.125e-05", "gnorm": "2.067", "train_wall": "4", "gb_free": "7.2", "wall": "51"}
2023-09-06 18:15:42 | INFO | train_inner | {"epoch": 2, "update": 1.22, "loss": "12.779", "nll_loss": "12.483", "ppl": "5725.82", "wps": "15605.2", "ups": "2.77", "wpb": "5643.5", "bsz": "256", "num_updates": "100", "lr": "1.25e-05", "gnorm": "2.124", "train_wall": "4", "gb_free": "7.7", "wall": "55"}
2023-09-06 18:15:46 | INFO | train_inner | {"epoch": 2, "update": 1.341, "loss": "12.472", "nll_loss": "12.143", "ppl": "4523.98", "wps": "16491.8", "ups": "2.74", "wpb": "6012.7", "bsz": "256", "num_updates": "110", "lr": "1.375e-05", "gnorm": "1.839", "train_wall": "4", "gb_free": "9.1", "wall": "59"}
2023-09-06 18:15:50 | INFO | train_inner | {"epoch": 2, "update": 1.463, "loss": "12.308", "nll_loss": "11.958", "ppl": "3978.25", "wps": "17461.5", "ups": "2.57", "wpb": "6788.2", "bsz": "256", "num_updates": "120", "lr": "1.5e-05", "gnorm": "1.394", "train_wall": "4", "gb_free": "8.6", "wall": "63"}
2023-09-06 18:15:54 | INFO | train_inner | {"epoch": 2, "update": 1.585, "loss": "12.205", "nll_loss": "11.847", "ppl": "3683.27", "wps": "16455.3", "ups": "2.8", "wpb": "5884.7", "bsz": "256", "num_updates": "130", "lr": "1.625e-05", "gnorm": "1.591", "train_wall": "4", "gb_free": "9.4", "wall": "66"}
2023-09-06 18:15:58 | INFO | train_inner | {"epoch": 2, "update": 1.707, "loss": "12.115", "nll_loss": "11.748", "ppl": "3438.8", "wps": "16138.6", "ups": "2.28", "wpb": "7080.1", "bsz": "252", "num_updates": "140", "lr": "1.75e-05", "gnorm": "1.51", "train_wall": "4", "gb_free": "9.8", "wall": "71"}
2023-09-06 18:16:01 | INFO | train_inner | {"epoch": 2, "update": 1.829, "loss": "12.135", "nll_loss": "11.773", "ppl": "3499.09", "wps": "18350.7", "ups": "2.85", "wpb": "6434.8", "bsz": "256", "num_updates": "150", "lr": "1.875e-05", "gnorm": "1.762", "train_wall": "3", "gb_free": "9.6", "wall": "74"}
2023-09-06 18:16:05 | INFO | train_inner | {"epoch": 2, "update": 1.951, "loss": "11.884", "nll_loss": "11.493", "ppl": "2881.3", "wps": "17303.3", "ups": "2.99", "wpb": "5795.6", "bsz": "250.1", "num_updates": "160", "lr": "2e-05", "gnorm": "1.407", "train_wall": "3", "gb_free": "9.7", "wall": "77"}
2023-09-06 18:16:06 | INFO | fairseq_cli.train | begin validation on "valid" subset
2023-09-06 18:16:09 | INFO | fairseq.tasks.text_to_speech | Please install tensorboardX: pip install tensorboardX
2023-09-06 18:16:09 | INFO | fairseq.tasks.text_to_speech | Please install tensorboardX: pip install tensorboardX
2023-09-06 18:16:09 | INFO | fairseq.tasks.text_to_speech | Please install tensorboardX: pip install tensorboardX
2023-09-06 18:16:09 | INFO | fairseq.tasks.text_to_speech | Please install tensorboardX: pip install tensorboardX
2023-09-06 18:16:09 | INFO | valid | {"epoch": 2, "valid_loss": "11.534", "valid_nll_loss": "11.09", "valid_ppl": "2179.53", "valid_wps": "44775.6", "valid_wpb": "5445.8", "valid_bsz": "220", "valid_num_updates": "164", "valid_best_loss": "11.534"}
2023-09-06 18:16:09 | INFO | fairseq.checkpoint_utils | Preparing to save checkpoint for epoch 2 @ 164 updates
2023-09-06 18:16:09 | INFO | fairseq.trainer | Saving checkpoint to /local/musaeed/coptic-translator/checkpointWordBased/Coptic2EnglishWordBasedSeq2SeqTransformer/checkpoint_best.pt
2023-09-06 18:16:12 | INFO | fairseq.tasks.text_to_speech | Please install tensorboardX: pip install tensorboardX
2023-09-06 18:16:12 | INFO | fairseq.tasks.text_to_speech | Please install tensorboardX: pip install tensorboardX
2023-09-06 18:16:12 | INFO | fairseq.tasks.text_to_speech | Please install tensorboardX: pip install tensorboardX
2023-09-06 18:16:13 | INFO | fairseq.trainer | Finished saving checkpoint to /local/musaeed/coptic-translator/checkpointWordBased/Coptic2EnglishWordBasedSeq2SeqTransformer/checkpoint_best.pt
2023-09-06 18:16:16 | INFO | fairseq.checkpoint_utils | Saved checkpoint /local/musaeed/coptic-translator/checkpointWordBased/Coptic2EnglishWordBasedSeq2SeqTransformer/checkpoint_best.pt (epoch 2 @ 164 updates, score 11.534) (writing took 6.2332345508039 seconds)
2023-09-06 18:16:16 | INFO | fairseq_cli.train | end of epoch 2 (average epoch stats below)
2023-09-06 18:16:16 | INFO | train | {"epoch": 2, "train_loss": "12.295", "train_nll_loss": "11.947", "train_ppl": "3948.5", "train_wps": "12024.1", "train_ups": "1.92", "train_wpb": "6253.7", "train_bsz": "254.8", "train_num_updates": "164", "train_lr": "2.05e-05", "train_gnorm": "1.685", "train_train_wall": "30", "train_gb_free": "9.2", "train_wall": "88"}
2023-09-06 18:16:16 | INFO | fairseq.data.iterators | grouped total_num_itrs = 82
2023-09-06 18:16:16 | INFO | fairseq.trainer | begin training epoch 3
2023-09-06 18:16:16 | INFO | fairseq_cli.train | Start iterating over samples
2023-09-06 18:16:18 | INFO | fairseq.tasks.text_to_speech | Please install tensorboardX: pip install tensorboardX
2023-09-06 18:16:20 | INFO | train_inner | {"epoch": 3, "update": 2.073, "loss": "11.754", "nll_loss": "11.349", "ppl": "2608.16", "wps": "3441.1", "ups": "0.65", "wpb": "5264.7", "bsz": "256", "num_updates": "170", "lr": "2.125e-05", "gnorm": "1.291", "train_wall": "3", "gb_free": "9.5", "wall": "93"}
2023-09-06 18:16:24 | INFO | train_inner | {"epoch": 3, "update": 2.195, "loss": "11.659", "nll_loss": "11.243", "ppl": "2422.99", "wps": "16331.8", "ups": "2.64", "wpb": "6188.3", "bsz": "250.1", "num_updates": "180", "lr": "2.25e-05", "gnorm": "1.448", "train_wall": "4", "gb_free": "9.8", "wall": "96"}
2023-09-06 18:16:28 | INFO | train_inner | {"epoch": 3, "update": 2.317, "loss": "11.475", "nll_loss": "11.037", "ppl": "2101.06", "wps": "17304", "ups": "2.65", "wpb": "6522.9", "bsz": "256", "num_updates": "190", "lr": "2.375e-05", "gnorm": "1.302", "train_wall": "4", "gb_free": "8.8", "wall": "100"}
2023-09-06 18:16:32 | INFO | train_inner | {"epoch": 3, "update": 2.439, "loss": "11.376", "nll_loss": "10.927", "ppl": "1946.36", "wps": "16780.6", "ups": "2.43", "wpb": "6896.4", "bsz": "256", "num_updates": "200", "lr": "2.5e-05", "gnorm": "1.197", "train_wall": "4", "gb_free": "9.6", "wall": "104"}
2023-09-06 18:16:36 | INFO | train_inner | {"epoch": 3, "update": 2.561, "loss": "11.204", "nll_loss": "10.734", "ppl": "1703.28", "wps": "16676", "ups": "2.58", "wpb": "6469.3", "bsz": "256", "num_updates": "210", "lr": "2.625e-05", "gnorm": "1.115", "train_wall": "4", "gb_free": "8.6", "wall": "108"}
2023-09-06 18:16:39 | INFO | train_inner | {"epoch": 3, "update": 2.683, "loss": "11.137", "nll_loss": "10.658", "ppl": "1615.4", "wps": "17714.2", "ups": "2.64", "wpb": "6700.2", "bsz": "256", "num_updates": "220", "lr": "2.75e-05", "gnorm": "1.1", "train_wall": "4", "gb_free": "9.2", "wall": "112"}
2023-09-06 18:16:43 | INFO | train_inner | {"epoch": 3, "update": 2.805, "loss": "10.986", "nll_loss": "10.487", "ppl": "1435.46", "wps": "16502.4", "ups": "2.83", "wpb": "5829.4", "bsz": "256", "num_updates": "230", "lr": "2.875e-05", "gnorm": "1.066", "train_wall": "4", "gb_free": "9.5", "wall": "116"}
2023-09-06 18:16:46 | INFO | train_inner | {"epoch": 3, "update": 2.927, "loss": "10.956", "nll_loss": "10.449", "ppl": "1398.12", "wps": "17440.1", "ups": "2.9", "wpb": "6016", "bsz": "256", "num_updates": "240", "lr": "3e-05", "gnorm": "1.049", "train_wall": "3", "gb_free": "9.6", "wall": "119"}
2023-09-06 18:16:49 | INFO | fairseq_cli.train | begin validation on "valid" subset
2023-09-06 18:16:51 | INFO | fairseq.tasks.text_to_speech | Please install tensorboardX: pip install tensorboardX
2023-09-06 18:16:51 | INFO | fairseq.tasks.text_to_speech | Please install tensorboardX: pip install tensorboardX
2023-09-06 18:16:51 | INFO | fairseq.tasks.text_to_speech | Please install tensorboardX: pip install tensorboardX
2023-09-06 18:16:51 | INFO | fairseq.tasks.text_to_speech | Please install tensorboardX: pip install tensorboardX
2023-09-06 18:16:52 | INFO | valid | {"epoch": 3, "valid_loss": "10.65", "valid_nll_loss": "10.088", "valid_ppl": "1088.67", "valid_wps": "46349.5", "valid_wpb": "5445.8", "valid_bsz": "220", "valid_num_updates": "246", "valid_best_loss": "10.65"}
2023-09-06 18:16:52 | INFO | fairseq.checkpoint_utils | Preparing to save checkpoint for epoch 3 @ 246 updates
2023-09-06 18:16:52 | INFO | fairseq.trainer | Saving checkpoint to /local/musaeed/coptic-translator/checkpointWordBased/Coptic2EnglishWordBasedSeq2SeqTransformer/checkpoint_best.pt
2023-09-06 18:16:54 | INFO | fairseq.trainer | Finished saving checkpoint to /local/musaeed/coptic-translator/checkpointWordBased/Coptic2EnglishWordBasedSeq2SeqTransformer/checkpoint_best.pt
2023-09-06 18:16:54 | INFO | fairseq.tasks.text_to_speech | Please install tensorboardX: pip install tensorboardX
2023-09-06 18:16:54 | INFO | fairseq.tasks.text_to_speech | Please install tensorboardX: pip install tensorboardX
2023-09-06 18:16:55 | INFO | fairseq.tasks.text_to_speech | Please install tensorboardX: pip install tensorboardX
2023-09-06 18:16:57 | INFO | fairseq.checkpoint_utils | Saved checkpoint /local/musaeed/coptic-translator/checkpointWordBased/Coptic2EnglishWordBasedSeq2SeqTransformer/checkpoint_best.pt (epoch 3 @ 246 updates, score 10.65) (writing took 5.029912365600467 seconds)
2023-09-06 18:16:57 | INFO | fairseq_cli.train | end of epoch 3 (average epoch stats below)
2023-09-06 18:16:57 | INFO | train | {"epoch": 3, "train_loss": "11.26", "train_nll_loss": "10.794", "train_ppl": "1775.84", "train_wps": "12371.2", "train_ups": "1.98", "train_wpb": "6253.7", "train_bsz": "254.8", "train_num_updates": "246", "train_lr": "3.075e-05", "train_gnorm": "1.178", "train_train_wall": "30", "train_gb_free": "9.7", "train_wall": "130"}
2023-09-06 18:16:57 | INFO | fairseq.data.iterators | grouped total_num_itrs = 82
2023-09-06 18:16:57 | INFO | fairseq.trainer | begin training epoch 4
2023-09-06 18:16:57 | INFO | fairseq_cli.train | Start iterating over samples
2023-09-06 18:16:59 | INFO | fairseq.tasks.text_to_speech | Please install tensorboardX: pip install tensorboardX
2023-09-06 18:17:01 | INFO | train_inner | {"epoch": 4, "update": 3.049, "loss": "10.793", "nll_loss": "10.265", "ppl": "1230.84", "wps": "4039.3", "ups": "0.68", "wpb": "5917.2", "bsz": "252", "num_updates": "250", "lr": "3.125e-05", "gnorm": "0.972", "train_wall": "4", "gb_free": "9.6", "wall": "134"}
2023-09-06 18:17:05 | INFO | train_inner | {"epoch": 4, "update": 3.171, "loss": "10.647", "nll_loss": "10.097", "ppl": "1095.2", "wps": "17381.2", "ups": "2.58", "wpb": "6725.8", "bsz": "250.1", "num_updates": "260", "lr": "3.25e-05", "gnorm": "0.955", "train_wall": "4", "gb_free": "7.2", "wall": "138"}
2023-09-06 18:17:08 | INFO | train_inner | {"epoch": 4, "update": 3.293, "loss": "10.61", "nll_loss": "10.051", "ppl": "1060.67", "wps": "17009.9", "ups": "2.86", "wpb": "5943.6", "bsz": "256", "num_updates": "270", "lr": "3.375e-05", "gnorm": "0.91", "train_wall": "3", "gb_free": "9.9", "wall": "141"}
2023-09-06 18:17:12 | INFO | train_inner | {"epoch": 4, "update": 3.415, "loss": "10.548", "nll_loss": "9.975", "ppl": "1006.61", "wps": "16612.3", "ups": "2.66", "wpb": "6242.1", "bsz": "256", "num_updates": "280", "lr": "3.5e-05", "gnorm": "0.903", "train_wall": "4", "gb_free": "8.4", "wall": "145"}
2023-09-06 18:17:16 | INFO | train_inner | {"epoch": 4, "update": 3.537, "loss": "10.477", "nll_loss": "9.89", "ppl": "948.73", "wps": "16539.6", "ups": "2.51", "wpb": "6596.8", "bsz": "252", "num_updates": "290", "lr": "3.625e-05", "gnorm": "0.819", "train_wall": "4", "gb_free": "9.9", "wall": "149"}
2023-09-06 18:17:20 | INFO | train_inner | {"epoch": 4, "update": 3.659, "loss": "10.336", "nll_loss": "9.726", "ppl": "846.93", "wps": "17808.3", "ups": "2.63", "wpb": "6760.6", "bsz": "256", "num_updates": "300", "lr": "3.75e-05", "gnorm": "0.83", "train_wall": "4", "gb_free": "8.7", "wall": "153"}
2023-09-06 18:17:23 | INFO | train_inner | {"epoch": 4, "update": 3.78, "loss": "10.366", "nll_loss": "9.753", "ppl": "862.59", "wps": "19365.4", "ups": "3.13", "wpb": "6187.9", "bsz": "256", "num_updates": "310", "lr": "3.875e-05", "gnorm": "0.883", "train_wall": "3", "gb_free": "9.3", "wall": "156"}
2023-09-06 18:17:27 | INFO | train_inner | {"epoch": 4, "update": 3.902, "loss": "10.379", "nll_loss": "9.758", "ppl": "865.81", "wps": "16735.3", "ups": "2.68", "wpb": "6238.9", "bsz": "256", "num_updates": "320", "lr": "4e-05", "gnorm": "0.756", "train_wall": "4", "gb_free": "8.8", "wall": "160"}
2023-09-06 18:17:30 | INFO | fairseq_cli.train | begin validation on "valid" subset
2023-09-06 18:17:33 | INFO | fairseq.tasks.text_to_speech | Please install tensorboardX: pip install tensorboardX
2023-09-06 18:17:33 | INFO | fairseq.tasks.text_to_speech | Please install tensorboardX: pip install tensorboardX
2023-09-06 18:17:33 | INFO | fairseq.tasks.text_to_speech | Please install tensorboardX: pip install tensorboardX
2023-09-06 18:17:33 | INFO | fairseq.tasks.text_to_speech | Please install tensorboardX: pip install tensorboardX
2023-09-06 18:17:33 | INFO | valid | {"epoch": 4, "valid_loss": "10.209", "valid_nll_loss": "9.537", "valid_ppl": "743", "valid_wps": "44663.3", "valid_wpb": "5445.8", "valid_bsz": "220", "valid_num_updates": "328", "valid_best_loss": "10.209"}
2023-09-06 18:17:33 | INFO | fairseq.checkpoint_utils | Preparing to save checkpoint for epoch 4 @ 328 updates
2023-09-06 18:17:33 | INFO | fairseq.trainer | Saving checkpoint to /local/musaeed/coptic-translator/checkpointWordBased/Coptic2EnglishWordBasedSeq2SeqTransformer/checkpoint_best.pt
2023-09-06 18:17:36 | INFO | fairseq.tasks.text_to_speech | Please install tensorboardX: pip install tensorboardX
2023-09-06 18:17:36 | INFO | fairseq.tasks.text_to_speech | Please install tensorboardX: pip install tensorboardX
2023-09-06 18:17:36 | INFO | fairseq.tasks.text_to_speech | Please install tensorboardX: pip install tensorboardX
2023-09-06 18:17:37 | INFO | fairseq.trainer | Finished saving checkpoint to /local/musaeed/coptic-translator/checkpointWordBased/Coptic2EnglishWordBasedSeq2SeqTransformer/checkpoint_best.pt
2023-09-06 18:17:40 | INFO | fairseq.checkpoint_utils | Saved checkpoint /local/musaeed/coptic-translator/checkpointWordBased/Coptic2EnglishWordBasedSeq2SeqTransformer/checkpoint_best.pt (epoch 4 @ 328 updates, score 10.209) (writing took 6.767606195062399 seconds)
2023-09-06 18:17:40 | INFO | fairseq_cli.train | end of epoch 4 (average epoch stats below)
2023-09-06 18:17:40 | INFO | train | {"epoch": 4, "train_loss": "10.484", "train_nll_loss": "9.896", "train_ppl": "952.98", "train_wps": "11871.2", "train_ups": "1.9", "train_wpb": "6253.7", "train_bsz": "254.8", "train_num_updates": "328", "train_lr": "4.1e-05", "train_gnorm": "0.878", "train_train_wall": "30", "train_gb_free": "9.6", "train_wall": "173"}
2023-09-06 18:17:40 | INFO | fairseq.data.iterators | grouped total_num_itrs = 82
2023-09-06 18:17:40 | INFO | fairseq.trainer | begin training epoch 5
2023-09-06 18:17:40 | INFO | fairseq_cli.train | Start iterating over samples
2023-09-06 18:17:43 | INFO | fairseq.tasks.text_to_speech | Please install tensorboardX: pip install tensorboardX
2023-09-06 18:17:44 | INFO | train_inner | {"epoch": 5, "update": 4.024, "loss": "10.332", "nll_loss": "9.703", "ppl": "833.41", "wps": "3422.1", "ups": "0.6", "wpb": "5699.1", "bsz": "256", "num_updates": "330", "lr": "4.125e-05", "gnorm": "0.926", "train_wall": "4", "gb_free": "9.7", "wall": "176"}
2023-09-06 18:17:47 | INFO | train_inner | {"epoch": 5, "update": 4.146, "loss": "10.215", "nll_loss": "9.564", "ppl": "756.66", "wps": "17869.6", "ups": "2.63", "wpb": "6797.9", "bsz": "256", "num_updates": "340", "lr": "4.25e-05", "gnorm": "0.807", "train_wall": "4", "gb_free": "9.7", "wall": "180"}
2023-09-06 18:17:51 | INFO | train_inner | {"epoch": 5, "update": 4.268, "loss": "10.206", "nll_loss": "9.545", "ppl": "747.04", "wps": "15493.4", "ups": "2.62", "wpb": "5904.4", "bsz": "250.1", "num_updates": "350", "lr": "4.375e-05", "gnorm": "0.841", "train_wall": "4", "gb_free": "9.8", "wall": "184"}
2023-09-06 18:17:55 | INFO | train_inner | {"epoch": 5, "update": 4.39, "loss": "10.197", "nll_loss": "9.53", "ppl": "739.5", "wps": "18102.1", "ups": "2.88", "wpb": "6276.7", "bsz": "256", "num_updates": "360", "lr": "4.5e-05", "gnorm": "0.761", "train_wall": "3", "gb_free": "8.6", "wall": "187"}
2023-09-06 18:17:58 | INFO | train_inner | {"epoch": 5, "update": 4.512, "loss": "10.177", "nll_loss": "9.501", "ppl": "724.63", "wps": "15900", "ups": "2.6", "wpb": "6103.9", "bsz": "252", "num_updates": "370", "lr": "4.625e-05", "gnorm": "0.878", "train_wall": "4", "gb_free": "9.8", "wall": "191"}
2023-09-06 18:18:02 | INFO | train_inner | {"epoch": 5, "update": 4.634, "loss": "10.175", "nll_loss": "9.494", "ppl": "721.1", "wps": "16744.3", "ups": "2.86", "wpb": "5851.4", "bsz": "256", "num_updates": "380", "lr": "4.75e-05", "gnorm": "1.07", "train_wall": "3", "gb_free": "9.3", "wall": "195"}
2023-09-06 18:18:05 | INFO | train_inner | {"epoch": 5, "update": 4.756, "loss": "10.135", "nll_loss": "9.445", "ppl": "697.12", "wps": "18678.9", "ups": "2.91", "wpb": "6423.4", "bsz": "256", "num_updates": "390", "lr": "4.875e-05", "gnorm": "1.054", "train_wall": "3", "gb_free": "9.7", "wall": "198"}
2023-09-06 18:18:10 | INFO | train_inner | {"epoch": 5, "update": 4.878, "loss": "10.075", "nll_loss": "9.374", "ppl": "663.61", "wps": "15310", "ups": "2.31", "wpb": "6630.5", "bsz": "256", "num_updates": "400", "lr": "5e-05", "gnorm": "1.081", "train_wall": "4", "gb_free": "9.6", "wall": "202"}
2023-09-06 18:18:14 | INFO | train_inner | {"epoch": 5, "update": 5.0, "loss": "10.142", "nll_loss": "9.445", "ppl": "697.14", "wps": "14011.8", "ups": "2.42", "wpb": "5796.9", "bsz": "256", "num_updates": "410", "lr": "5.125e-05", "gnorm": "1.411", "train_wall": "4", "gb_free": "8.1", "wall": "207"}
2023-09-06 18:18:14 | INFO | fairseq_cli.train | begin validation on "valid" subset
2023-09-06 18:18:16 | INFO | fairseq.tasks.text_to_speech | Please install tensorboardX: pip install tensorboardX
2023-09-06 18:18:16 | INFO | fairseq.tasks.text_to_speech | Please install tensorboardX: pip install tensorboardX
2023-09-06 18:18:16 | INFO | fairseq.tasks.text_to_speech | Please install tensorboardX: pip install tensorboardX
2023-09-06 18:18:16 | INFO | fairseq.tasks.text_to_speech | Please install tensorboardX: pip install tensorboardX
2023-09-06 18:18:17 | INFO | valid | {"epoch": 5, "valid_loss": "10.153", "valid_nll_loss": "9.413", "valid_ppl": "681.57", "valid_wps": "43985.6", "valid_wpb": "5445.8", "valid_bsz": "220", "valid_num_updates": "410", "valid_best_loss": "10.153"}
2023-09-06 18:18:17 | INFO | fairseq.checkpoint_utils | Preparing to save checkpoint for epoch 5 @ 410 updates
2023-09-06 18:18:17 | INFO | fairseq.trainer | Saving checkpoint to /local/musaeed/coptic-translator/checkpointWordBased/Coptic2EnglishWordBasedSeq2SeqTransformer/checkpoint_best.pt
2023-09-06 18:18:19 | INFO | fairseq.trainer | Finished saving checkpoint to /local/musaeed/coptic-translator/checkpointWordBased/Coptic2EnglishWordBasedSeq2SeqTransformer/checkpoint_best.pt
2023-09-06 18:18:20 | INFO | fairseq.tasks.text_to_speech | Please install tensorboardX: pip install tensorboardX
2023-09-06 18:18:20 | INFO | fairseq.tasks.text_to_speech | Please install tensorboardX: pip install tensorboardX
2023-09-06 18:18:20 | INFO | fairseq.tasks.text_to_speech | Please install tensorboardX: pip install tensorboardX
2023-09-06 18:18:22 | INFO | fairseq.checkpoint_utils | Saved checkpoint /local/musaeed/coptic-translator/checkpointWordBased/Coptic2EnglishWordBasedSeq2SeqTransformer/checkpoint_best.pt (epoch 5 @ 410 updates, score 10.153) (writing took 4.878517670556903 seconds)
2023-09-06 18:18:22 | INFO | fairseq_cli.train | end of epoch 5 (average epoch stats below)
2023-09-06 18:18:22 | INFO | train | {"epoch": 5, "train_loss": "10.166", "train_nll_loss": "9.489", "train_ppl": "718.66", "train_wps": "12239.5", "train_ups": "1.96", "train_wpb": "6253.7", "train_bsz": "254.8", "train_num_updates": "410", "train_lr": "5.125e-05", "train_gnorm": "0.985", "train_train_wall": "31", "train_gb_free": "8.1", "train_wall": "215"}
2023-09-06 18:18:22 | INFO | fairseq.data.iterators | grouped total_num_itrs = 82
2023-09-06 18:18:22 | INFO | fairseq.trainer | begin training epoch 6
2023-09-06 18:18:22 | INFO | fairseq_cli.train | Start iterating over samples
2023-09-06 18:18:25 | INFO | fairseq.tasks.text_to_speech | Please install tensorboardX: pip install tensorboardX
2023-09-06 18:18:26 | INFO | fairseq.trainer | Saving checkpoint to /local/musaeed/coptic-translator/checkpointWordBased/Coptic2EnglishWordBasedSeq2SeqTransformer/crash.pt
/local/musaeed/anaconda3/envs/CT/lib/python3.9/site-packages/torch/nn/modules/module.py:1344: UserWarning: Using a non-full backward hook when the forward contains multiple autograd Nodes is deprecated and will be removed in future versions. This hook will be missing some grad_input. Please use register_full_backward_hook to get the documented behavior.
  warnings.warn("Using a non-full backward hook when the forward contains multiple autograd Nodes "
/local/musaeed/anaconda3/envs/CT/lib/python3.9/site-packages/torch/nn/modules/module.py:1309: UserWarning: Using non-full backward hooks on a Module that does not return a single Tensor or a tuple of Tensors is deprecated and will be removed in future versions. This hook will be missing some of the grad_output. Please use register_full_backward_hook to get the documented behavior.
  warnings.warn("Using non-full backward hooks on a Module that does not return a "
/local/musaeed/anaconda3/envs/CT/lib/python3.9/site-packages/torch/nn/modules/module.py:1344: UserWarning: Using a non-full backward hook when the forward contains multiple autograd Nodes is deprecated and will be removed in future versions. This hook will be missing some grad_input. Please use register_full_backward_hook to get the documented behavior.
  warnings.warn("Using a non-full backward hook when the forward contains multiple autograd Nodes "
/local/musaeed/anaconda3/envs/CT/lib/python3.9/site-packages/torch/nn/modules/module.py:1344: UserWarning: Using a non-full backward hook when the forward contains multiple autograd Nodes is deprecated and will be removed in future versions. This hook will be missing some grad_input. Please use register_full_backward_hook to get the documented behavior.
  warnings.warn("Using a non-full backward hook when the forward contains multiple autograd Nodes "
/local/musaeed/anaconda3/envs/CT/lib/python3.9/site-packages/torch/nn/modules/module.py:1309: UserWarning: Using non-full backward hooks on a Module that does not return a single Tensor or a tuple of Tensors is deprecated and will be removed in future versions. This hook will be missing some of the grad_output. Please use register_full_backward_hook to get the documented behavior.
  warnings.warn("Using non-full backward hooks on a Module that does not return a "
/local/musaeed/anaconda3/envs/CT/lib/python3.9/site-packages/torch/nn/modules/module.py:1309: UserWarning: Using non-full backward hooks on a Module that does not return a single Tensor or a tuple of Tensors is deprecated and will be removed in future versions. This hook will be missing some of the grad_output. Please use register_full_backward_hook to get the documented behavior.
  warnings.warn("Using non-full backward hooks on a Module that does not return a "
Traceback (most recent call last):
  File "/local/musaeed/anaconda3/envs/CT/bin/fairseq-train", line 8, in <module>
    sys.exit(cli_main())
  File "/local/musaeed/fairseq/fairseq_cli/train.py", line 557, in cli_main
    distributed_utils.call_main(cfg, main)
  File "/local/musaeed/fairseq/fairseq/distributed/utils.py", line 344, in call_main
    torch.multiprocessing.spawn(
  File "/local/musaeed/anaconda3/envs/CT/lib/python3.9/site-packages/torch/multiprocessing/spawn.py", line 239, in spawn
    return start_processes(fn, args, nprocs, join, daemon, start_method='spawn')
  File "/local/musaeed/anaconda3/envs/CT/lib/python3.9/site-packages/torch/multiprocessing/spawn.py", line 197, in start_processes
    while not context.join():
  File "/local/musaeed/anaconda3/envs/CT/lib/python3.9/site-packages/torch/multiprocessing/spawn.py", line 160, in join
    raise ProcessRaisedException(msg, error_index, failed_process.pid)
torch.multiprocessing.spawn.ProcessRaisedException: 

-- Process 3 terminated with the following error:
Traceback (most recent call last):
  File "/local/musaeed/fairseq/fairseq/trainer.py", line 939, in train_step
    self._check_grad_norms(grad_norm)
  File "/local/musaeed/fairseq/fairseq/trainer.py", line 1480, in _check_grad_norms
    raise FloatingPointError(
FloatingPointError: Fatal error: gradients are inconsistent between workers. Try --ddp-backend=legacy_ddp. Or are you mixing up different generation of GPUs in training?
--------------------------------------------------------------------------------
grad_norm across the workers:
rank   0 = nan
rank   1 = nan
rank   2 = nan
rank   3 = nan

--------------------------------------------------------------------------------

During handling of the above exception, another exception occurred:

Traceback (most recent call last):
  File "/local/musaeed/anaconda3/envs/CT/lib/python3.9/site-packages/torch/multiprocessing/spawn.py", line 69, in _wrap
    fn(i, *args)
  File "/local/musaeed/fairseq/fairseq/distributed/utils.py", line 328, in distributed_main
    main(cfg, **kwargs)
  File "/local/musaeed/fairseq/fairseq_cli/train.py", line 190, in main
    valid_losses, should_stop = train(cfg, trainer, task, epoch_itr)
  File "/local/musaeed/anaconda3/envs/CT/lib/python3.9/contextlib.py", line 79, in inner
    return func(*args, **kwds)
  File "/local/musaeed/fairseq/fairseq_cli/train.py", line 316, in train
    log_output = trainer.train_step(samples)
  File "/local/musaeed/anaconda3/envs/CT/lib/python3.9/contextlib.py", line 79, in inner
    return func(*args, **kwds)
  File "/local/musaeed/fairseq/fairseq/trainer.py", line 977, in train_step
    self.task.train_step(
  File "/local/musaeed/fairseq/fairseq/tasks/fairseq_task.py", line 512, in train_step
    loss, sample_size, logging_output = criterion(model, sample)
  File "/local/musaeed/anaconda3/envs/CT/lib/python3.9/site-packages/torch/nn/modules/module.py", line 1501, in _call_impl
    return forward_call(*args, **kwargs)
  File "/local/musaeed/fairseq/fairseq/criterions/label_smoothed_cross_entropy.py", line 79, in forward
    net_output = model(**sample["net_input"])
  File "/local/musaeed/anaconda3/envs/CT/lib/python3.9/site-packages/torch/nn/modules/module.py", line 1501, in _call_impl
    return forward_call(*args, **kwargs)
  File "/local/musaeed/fairseq/fairseq/distributed/module_proxy_wrapper.py", line 56, in forward
    return self.module(*args, **kwargs)
  File "/local/musaeed/anaconda3/envs/CT/lib/python3.9/site-packages/torch/nn/modules/module.py", line 1501, in _call_impl
    return forward_call(*args, **kwargs)
  File "/local/musaeed/fairseq/fairseq/distributed/legacy_distributed_data_parallel.py", line 74, in forward
    return self.module(*inputs, **kwargs)
  File "/local/musaeed/anaconda3/envs/CT/lib/python3.9/site-packages/torch/nn/modules/module.py", line 1538, in _call_impl
    result = forward_call(*args, **kwargs)
  File "/local/musaeed/fairseq/fairseq/models/transformer/transformer_base.py", line 144, in forward
    encoder_out = self.encoder(
  File "/local/musaeed/anaconda3/envs/CT/lib/python3.9/site-packages/torch/nn/modules/module.py", line 1564, in _call_impl
    var = next((v for v in var.values() if isinstance(v, torch.Tensor)))
StopIteration

/local/musaeed/anaconda3/envs/CT/lib/python3.9/multiprocessing/resource_tracker.py:216: UserWarning: resource_tracker: There appear to be 55 leaked semaphore objects to clean up at shutdown
  warnings.warn('resource_tracker: There appear to be %d '
